<?xml version="1.0" encoding="UTF-8"?>
<!-- Generated by org.testng.reporters.JUnitXMLReporter -->
<testsuite ignored="0" hostname="DESKTOP-28HP84Q" failures="0" tests="3" name="Default test" time="0.085" errors="0" timestamp="15 Dec 2023 13:42:36 GMT">
  <testcase classname="testng.LoanTest" name="TC00_PersonalLoanTest" time="0.009"/>
  <testcase classname="testng.LoanTest" name="TC01_HomeLoanTest" time="0.004"/>
  <testcase classname="testng.LoanTest" name="TC02_CarLoanTest" time="0.002"/>
</testsuite> <!-- Default test -->
