<?xml version="1.0" encoding="UTF-8"?>
<!-- Generated by org.testng.reporters.JUnitXMLReporter -->
<testsuite ignored="2" hostname="DESKTOP-28HP84Q" failures="0" tests="2" name="Test" time="0.044" errors="0" timestamp="01 Dec 2023 15:39:22 GMT">
  <testcase classname="testng.CardTest" name="TC01_CrediteCardTest" time="0.013"/>
  <testcase classname="testng.LoanTest" name="TC00_PersonalLoanTest" time="0.002"/>
  <testcase classname="testng.LoanTest" name="TC01_HomeLoanTest" time="0.0">
    <ignored/>
  </testcase> <!-- TC01_HomeLoanTest -->
  <testcase classname="testng.LoanTest" name="TC02_CarLoanTest" time="0.0">
    <ignored/>
  </testcase> <!-- TC02_CarLoanTest -->
</testsuite> <!-- Test -->
