<?xml version="1.0" encoding="UTF-8"?>
<testng-results ignored="0" total="3" passed="3" failed="0" skipped="0">
  <reporter-output>
  </reporter-output>
  <suite started-at="2023-12-15T13:42:36Z" name="Default suite" finished-at="2023-12-15T13:42:36Z" duration-ms="85">
    <groups>
      <group name="sanity">
        <method signature="LoanTest.TC00_PersonalLoanTest()[pri:0, instance:testng.LoanTest@5ddcc487]" name="TC00_PersonalLoanTest" class="testng.LoanTest"/>
      </group> <!-- sanity -->
    </groups>
    <test started-at="2023-12-15T13:42:36Z" name="Default test" finished-at="2023-12-15T13:42:36Z" duration-ms="85">
      <class name="testng.LoanTest">
        <test-method is-config="true" signature="Method3()[pri:0, instance:testng.LoanTest@5ddcc487]" started-at="2023-12-15T13:42:36Z" name="Method3" finished-at="2023-12-15T13:42:36Z" duration-ms="17" status="PASS">
          <reporter-output>
          </reporter-output>
        </test-method> <!-- Method3 -->
        <test-method signature="TC00_PersonalLoanTest()[pri:0, instance:testng.LoanTest@5ddcc487]" started-at="2023-12-15T13:42:36Z" name="TC00_PersonalLoanTest" finished-at="2023-12-15T13:42:36Z" duration-ms="9" status="PASS">
          <reporter-output>
          </reporter-output>
        </test-method> <!-- TC00_PersonalLoanTest -->
        <test-method is-config="true" signature="Method1()[pri:0, instance:testng.LoanTest@5ddcc487]" started-at="2023-12-15T13:42:36Z" name="Method1" finished-at="2023-12-15T13:42:36Z" duration-ms="0" status="PASS">
          <reporter-output>
          </reporter-output>
        </test-method> <!-- Method1 -->
        <test-method is-config="true" signature="Method2()[pri:0, instance:testng.LoanTest@5ddcc487]" started-at="2023-12-15T13:42:36Z" name="Method2" finished-at="2023-12-15T13:42:36Z" duration-ms="0" status="PASS">
          <reporter-output>
          </reporter-output>
        </test-method> <!-- Method2 -->
        <test-method is-config="true" signature="Method1()[pri:0, instance:testng.LoanTest@5ddcc487]" started-at="2023-12-15T13:42:36Z" name="Method1" finished-at="2023-12-15T13:42:36Z" duration-ms="0" status="PASS">
          <reporter-output>
          </reporter-output>
        </test-method> <!-- Method1 -->
        <test-method signature="TC01_HomeLoanTest()[pri:0, instance:testng.LoanTest@5ddcc487]" started-at="2023-12-15T13:42:36Z" name="TC01_HomeLoanTest" finished-at="2023-12-15T13:42:36Z" duration-ms="4" status="PASS">
          <reporter-output>
          </reporter-output>
        </test-method> <!-- TC01_HomeLoanTest -->
        <test-method is-config="true" signature="Method2()[pri:0, instance:testng.LoanTest@5ddcc487]" started-at="2023-12-15T13:42:36Z" name="Method2" finished-at="2023-12-15T13:42:36Z" duration-ms="2" status="PASS">
          <reporter-output>
          </reporter-output>
        </test-method> <!-- Method2 -->
        <test-method is-config="true" signature="Method1()[pri:0, instance:testng.LoanTest@5ddcc487]" started-at="2023-12-15T13:42:36Z" name="Method1" finished-at="2023-12-15T13:42:36Z" duration-ms="2" status="PASS">
          <reporter-output>
          </reporter-output>
        </test-method> <!-- Method1 -->
        <test-method signature="TC02_CarLoanTest()[pri:0, instance:testng.LoanTest@5ddcc487]" started-at="2023-12-15T13:42:36Z" name="TC02_CarLoanTest" finished-at="2023-12-15T13:42:36Z" duration-ms="2" status="PASS">
          <reporter-output>
          </reporter-output>
        </test-method> <!-- TC02_CarLoanTest -->
        <test-method is-config="true" signature="Method2()[pri:0, instance:testng.LoanTest@5ddcc487]" started-at="2023-12-15T13:42:36Z" name="Method2" finished-at="2023-12-15T13:42:36Z" duration-ms="0" status="PASS">
          <reporter-output>
          </reporter-output>
        </test-method> <!-- Method2 -->
        <test-method is-config="true" signature="Method4()[pri:0, instance:testng.LoanTest@5ddcc487]" started-at="2023-12-15T13:42:36Z" name="Method4" finished-at="2023-12-15T13:42:36Z" duration-ms="0" status="PASS">
          <reporter-output>
          </reporter-output>
        </test-method> <!-- Method4 -->
      </class> <!-- testng.LoanTest -->
    </test> <!-- Default test -->
  </suite> <!-- Default suite -->
</testng-results>
